2023-02-02 13:13:10 [@GS003021]
Interno #1: Executar contract
2023-02-02 13:18:34 [2@GS003021]
Interno #1: Executar planningrecall
2023-02-02 13:25:47 [2@GS003021]
Interno #1: Executar mailgate
2023-02-02 13:26:18 [2@GS003021]
Ocorreu um erro ao tentar conectar ao coletor.<br/>host doesn't allow connection
2023-02-02 13:34:27 [2@GS003021]
Interno #1: Executar checkdbreplicate
2023-02-02 13:43:52 [2@GS003021]
Interno #1: Executar consumable
2023-02-02 13:49:44 [2@GS003021]
Interno #1: Executar olaticket
2023-02-02 13:58:17 [2@GS003021]
Interno #1: Executar slaticket
2023-02-02 14:05:51 [2@GS003021]
Interno #1: Executar temp
2023-02-02 14:20:52 [2@GS003021]
Interno #1: Executar RecurrentItems
2023-02-02 14:25:55 [2@GS003021]
Interno #1: Executar reservation
2023-02-02 14:28:18 [@GS003021]
Interno #1: Executar graph
2023-02-02 14:33:32 [2@GS003021]
Interno #1: Executar closeticket
2023-02-02 14:39:04 [2@GS003021]
Interno #1: Executar alertnotclosed
2023-02-02 14:44:38 [2@GS003021]
Interno #1: Executar infocom
2023-02-02 14:51:13 [2@GS003021]
Interno #1: Executar session
2023-02-02 15:02:16 [2@GS003021]
Interno #1: Executar createinquest
2023-02-02 15:02:53 [@GS003021]
Interno #1: Executar watcher
2023-02-02 15:02:55 [@GS003021]
Erro ao enviar o e-mail<br/>SMTP connect() failed. https://github.com/PHPMailer/PHPMailer/wiki/Troubleshooting
2023-02-02 15:11:43 [2@GS003021]
Interno #1: Executar queuednotificationclean
2023-02-02 15:19:39 [2@GS003021]
Interno #1: Executar contract
2023-02-02 15:34:11 [2@GS003021]
Interno #1: Executar mailgateerror
2023-02-02 15:39:38 [2@GS003021]
Interno #1: Executar certificate
2023-02-02 15:44:44 [2@GS003021]
Interno #1: Executar planningrecall
2023-02-02 15:47:17 [2@GS003021]
Interno #1: Executar mailgate
2023-02-02 15:47:35 [@GS003021]
Não foi possível adquirir bloqueio do DB
2023-02-02 15:47:48 [2@GS003021]
Ocorreu um erro ao tentar conectar ao coletor.<br/>host doesn't allow connection
2023-02-02 17:04:54 [2@GS003021]
Interno #1: Executar checkdbreplicate
2023-02-02 17:09:19 [2@GS003021]
Interno #1: Executar consumable
2023-02-02 17:13:06 [2@GS003021]
Interno #1: Executar olaticket
2023-02-02 17:43:58 [2@GS003021]
Interno #1: Executar slaticket
2023-02-02 20:35:02 [2@GS003021]
Interno #1: Executar temp
2023-02-03 13:17:23 [2@GS003021]
Interno #1: Executar RecurrentItems
2023-02-03 13:19:03 [@GS003021]
Interno #1: Executar reservation
2023-02-03 13:28:55 [2@GS003021]
Interno #1: Executar graph
2023-02-03 13:29:22 [2@GS003021]
Interno #1: Executar mailgate
2023-02-03 13:29:53 [2@GS003021]
Ocorreu um erro ao tentar conectar ao coletor.<br/>host doesn't allow connection
2023-02-03 13:40:52 [2@GS003021]
Interno #1: Executar mailgate
2023-02-03 13:41:22 [2@GS003021]
Ocorreu um erro ao tentar conectar ao coletor.<br/>host doesn't allow connection
2023-02-03 13:42:10 [2@GS003021]
Interno #1: Executar checkdbreplicate
2023-02-03 13:42:47 [@GS003021]
Interno #1: Executar consumable
2023-02-03 13:51:16 [2@GS003021]
Interno #1: Executar olaticket
2023-02-03 13:54:53 [@GS003021]
Interno #1: Executar slaticket
2023-02-03 13:55:04 [@GS003021]
Interno #1: Executar temp
2023-02-03 13:58:41 [2@GS003021]
Interno #1: Executar RecurrentItems
2023-02-03 14:01:50 [2@GS003021]
Interno #1: Executar reservation
2023-02-03 14:06:31 [2@GS003021]
Interno #1: Executar graph
2023-02-03 14:06:58 [2@GS003021]
Interno #1: Executar closeticket
2023-02-03 14:08:27 [@GS003021]
Interno #1: Executar alertnotclosed
2023-02-03 14:17:39 [2@GS003021]
Interno #1: Executar infocom
2023-02-03 14:22:41 [2@GS003021]
Interno #1: Executar session
2023-02-03 14:28:20 [2@GS003021]
Interno #1: Executar createinquest
2023-02-03 14:33:54 [2@GS003021]
Interno #1: Executar watcher
2023-02-03 14:33:57 [2@GS003021]
Erro ao enviar o e-mail<br/>SMTP connect() failed. https://github.com/PHPMailer/PHPMailer/wiki/Troubleshooting
2023-02-03 14:39:06 [2@GS003021]
Interno #1: Executar queuednotificationclean
2023-02-03 14:44:54 [2@GS003021]
Interno #1: Executar contract
2023-02-03 14:51:21 [2@GS003021]
Interno #1: Executar mailgateerror
2023-02-03 14:58:45 [2@GS003021]
Interno #1: Executar certificate
2023-02-03 15:03:42 [2@GS003021]
Interno #1: Executar mailgate
2023-02-03 15:04:12 [2@GS003021]
Ocorreu um erro ao tentar conectar ao coletor.<br/>host doesn't allow connection
2023-02-03 17:29:40 [2@GS003021]
Interno #1: Executar planningrecall
2023-02-03 17:34:48 [2@GS003021]
Interno #1: Executar checkdbreplicate
2023-02-03 17:40:55 [2@GS003021]
Interno #1: Executar consumable
2023-02-03 19:54:33 [2@GS003021]
Interno #1: Executar slaticket
2023-02-03 19:59:42 [2@GS003021]
Interno #1: Executar temp
2023-02-06 10:48:29 [2@GS003021]
Interno #1: Executar RecurrentItems
2023-02-06 12:43:04 [2@GS003021]
Interno #1: Executar reservation
2023-02-06 14:06:49 [2@GS003021]
Interno #1: Executar mailgate
2023-02-06 14:07:19 [2@GS003021]
Ocorreu um erro ao tentar conectar ao coletor.<br/>host doesn't allow connection
2023-02-06 14:12:17 [2@GS003021]
Interno #1: Executar graph
2023-02-06 14:53:08 [2@GS003021]
Interno #1: Executar planningrecall
2023-02-06 15:16:49 [2@GS003021]
Interno #1: Executar checkdbreplicate
2023-02-06 15:30:08 [2@GS003021]
Interno #1: Executar consumable
2023-02-06 15:33:22 [@GS003021]
Interno #1: Executar olaticket
2023-02-06 15:33:25 [@GS003021]
Interno #1: Executar slaticket
2023-02-06 15:38:35 [2@GS003021]
Interno #1: Executar temp
2023-02-06 15:46:21 [2@GS003021]
Interno #1: Executar closeticket
2023-02-06 15:53:48 [2@GS003021]
Interno #1: Executar alertnotclosed
