2023-02-02 13:13:08 [@GS003021]
[login] 3: Login falhou para  no IP ::1
2023-02-02 13:13:17 [@GS003021]
[login] 3: glpi fez login no IP ::1
2023-02-02 14:28:27 [@GS003021]
[login] 3: Administrador fez login no IP ::1
2023-02-02 15:03:00 [@GS003021]
[login] 3: Administrador fez login no IP ::1
2023-02-02 15:44:46 [15@GS003021]
[Impersonate] 3: Administrador começa a personificar o usuário Fabiana Colares
2023-02-02 15:45:03 [2@GS003021]
[Impersonate] 3: Administrador pára de personificar o usuário Fabiana Colares
2023-02-02 15:47:43 [@GS003021]
[login] 3: Administrador fez login no IP ::1
2023-02-03 13:19:00 [@GS003021]
[login] 3: Login falhou para  no IP ::1
2023-02-03 13:19:16 [@GS003021]
[login] 3: Administrador fez login no IP ::1
2023-02-03 13:23:19 [15@GS003021]
[Impersonate] 3: Administrador começa a personificar o usuário Fabiana Colares
2023-02-03 13:23:46 [2@GS003021]
[Impersonate] 3: Administrador pára de personificar o usuário Fabiana Colares
2023-02-03 13:31:13 [@GS003021]
[login] 3: Administrador fez login no IP ::1
2023-02-03 13:42:57 [@GS003021]
[login] 3: Administrador fez login no IP ::1
2023-02-03 13:55:15 [@GS003021]
[login] 3: Administrador fez login no IP ::1
2023-02-03 14:08:24 [@GS003021]
[login] 3: Login falhou para  no IP ::1
2023-02-03 14:08:32 [@GS003021]
[login] 3: Administrador fez login no IP ::1
2023-02-03 19:54:29 [@GS003021]
[login] 3: Login falhou para  no IP ::1
2023-02-06 15:33:24 [@GS003021]
[login] 3: Login falhou para glpi no IP ::1
2023-02-06 15:33:30 [@GS003021]
[login] 3: Administrador fez login no IP ::1
2023-02-06 21:01:05 [@GS003021]
[login] 3: Administrador fez login no IP ::1
2023-02-08 11:40:58 [@GS003021]
[login] 3: Administrador fez login no IP ::1
2023-02-08 20:01:16 [@GS003021]
[login] 3: Administrador fez login no IP ::1
